Arguments: 
  /usr/local/Cellar/node/8.1.2/bin/node /usr/local/bin/yarn dev

PATH: 
  /Users/barrenechea/.rbenv/shims:/Applications/Visual Studio Code.app/Contents/Resources/app/bin:/Applications/Postgres.app/Contents/Versions/latest/bin:/Users/barrenechea/.rbenv/bin:/Users/barrenechea/bin:/usr/local/bin:/usr/bin:/bin:/usr/sbin:/sbin:/usr/local/bin

Yarn version: 
  1.5.1

Node version: 
  8.1.2

Platform: 
  darwin x64

npm manifest: 
  {
      "name": "cesium-navigation",
      "version": "1.1.2",
      "description": "Cesium plugin that adds a compass, navigator, and distance scale to the map",
      "main": "viewerCesiumNavigationMixin",
      "dependencies": {
          "bower": "*"
      },
      "devDependencies": {
          "fs-extra": "^0.26.5",
          "csso": "^1.5.4",
          "less": "^1.7.5",
          "node-minify": "^1.3.7",
          "express": "~4.9.x",
          "compression": "1.0.8",
          "yargs": "1.2.6",
          "requirejs": "^2.1.22",
          "cesium": "^1.20.0"
      },
      "scripts": {
          "test": "echo \"Error: no test specified\" && exit 1",
          "postinstall": "bower install"
      },
      "repository": {
          "type": "git",
          "url": "git+https://github.com/alberto-acevedo/cesium-navigation.git"
      },
      "keywords": [
          "cesium",
          "navigation",
          "compass",
          "navigator",
          "distance",
          "scale"
      ],
      "author": "alberto acevedo",
      "license": "Apache-2.0",
      "bugs": {
          "url": "https://github.com/alberto-acevedo/cesium-navigation/issues"
      },
      "homepage": "https://github.com/alberto-acevedo/cesium-navigation#readme"
  }

yarn manifest: 
  No manifest

Lockfile: 
  No lockfile

Trace: 
  Error: Command "dev" not found.
      at new MessageError (/usr/local/lib/node_modules/yarn/lib/cli.js:186:110)
      at /usr/local/lib/node_modules/yarn/lib/cli.js:87307:17
      at Generator.next (<anonymous>)
      at step (/usr/local/lib/node_modules/yarn/lib/cli.js:98:30)
      at /usr/local/lib/node_modules/yarn/lib/cli.js:116:14
      at Promise (<anonymous>)
      at F (/usr/local/lib/node_modules/yarn/lib/cli.js:23451:28)
      at /usr/local/lib/node_modules/yarn/lib/cli.js:95:12
      at runCommand (/usr/local/lib/node_modules/yarn/lib/cli.js:87312:22)
      at Object.<anonymous> (/usr/local/lib/node_modules/yarn/lib/cli.js:87412:14)
